{
  "RSpec": {
    "coverage": {
      "/Users/edwardphillips/Desktop/Projects/pairing-with-gina/bookmark_manager/spec/bookmark_spec.rb": {
        "lines": [
          1,
          null,
          1,
          1,
          1,
          1,
          null,
          null,
          null,
          null,
          null
        ]
      },
      "/Users/edwardphillips/Desktop/Projects/pairing-with-gina/bookmark_manager/lib/bookmark.rb": {
        "lines": [
          1,
          1,
          null,
          null
        ]
      },
      "/Users/edwardphillips/Desktop/Projects/pairing-with-gina/bookmark_manager/spec/features/showing_bookmarkes_spec.rb": {
        "lines": [
          1,
          1,
          1,
          1,
          null,
          1,
          1,
          1,
          1,
          null,
          1,
          1,
          1,
          1,
          null,
          null
        ]
      }
    },
    "timestamp": 1586186529
  }
}
